<?xml version="1.0" encoding="UTF-8"?>
<!-- Generated by org.testng.reporters.JUnitReportReporter -->
<testsuite hostname="HOME-PC" failures="0" tests="2" name="test.OpenFXTest" time="35.743" errors="0" timestamp="2021-12-14T10:25:24 MSK" skipped="0">
  <testcase classname="test.OpenFXTest" name="topUpDemoBalance" time="18.220"/>
  <system-out/>
  <testcase classname="test.OpenFXTest" name="switchSkypeInAccount" time="17.523"/>
  <system-out/>
</testsuite> <!-- test.OpenFXTest -->
