<?xml version="1.0" encoding="UTF-8"?>
<!-- Generated by org.testng.reporters.JUnitReportReporter -->
<testsuite hostname="HOME-PC" failures="0" tests="1" name="test.OpenFXTest" time="13.543" errors="0" timestamp="2021-12-14T02:10:04 MSK" skipped="0">
  <testcase classname="test.OpenFXTest" name="TopUpDemoBalance" time="13.543"/>
  <system-out/>
</testsuite> <!-- test.OpenFXTest -->
