<?xml version="1.0" encoding="UTF-8"?>
<!-- Generated by org.testng.reporters.JUnitReportReporter -->
<testsuite hostname="HOME-PC" failures="0" tests="2" name="test.OpenFXTest" time="36.301" errors="0" timestamp="2021-12-14T14:35:40 MSK" skipped="0">
  <testcase classname="test.OpenFXTest" name="switchSkypeInAccount" time="16.158"/>
  <system-out/>
  <testcase classname="test.OpenFXTest" name="topUpDemoBalance" time="20.143"/>
  <system-out/>
</testsuite> <!-- test.OpenFXTest -->
